[debug] [2020-08-07T13:17:42.018Z] ----------------------------------------------------------------------
[debug] [2020-08-07T13:17:42.020Z] Command:       /usr/local/bin/node /usr/local/bin/firebase deploy -p dist/tranings-app --only hosting:traningsapp
[debug] [2020-08-07T13:17:42.020Z] CLI Version:   8.7.0
[debug] [2020-08-07T13:17:42.020Z] Platform:      linux
[debug] [2020-08-07T13:17:42.021Z] Node Version:  v12.16.1
[debug] [2020-08-07T13:17:42.023Z] Time:          Fri Aug 07 2020 15:17:42 GMT+0200 (Central European Summer Time)
[debug] [2020-08-07T13:17:42.024Z] ----------------------------------------------------------------------
[debug] [2020-08-07T13:17:42.024Z] 
[debug] [2020-08-07T13:17:42.034Z] > command requires scopes: ["email","openid","https://www.googleapis.com/auth/cloudplatformprojects.readonly","https://www.googleapis.com/auth/firebase","https://www.googleapis.com/auth/cloud-platform"]
[debug] [2020-08-07T13:17:42.035Z] > authorizing via signed-in user
[debug] [2020-08-07T13:17:42.035Z] [iam] checking project traningsapp-b35dc for permissions ["firebase.projects.get","firebasehosting.sites.update"]
[debug] [2020-08-07T13:17:42.043Z] >>> HTTP REQUEST POST https://cloudresourcemanager.googleapis.com/v1/projects/traningsapp-b35dc:testIamPermissions  
 {"permissions":["firebase.projects.get","firebasehosting.sites.update"]}
[debug] [2020-08-07T13:17:42.857Z] <<< HTTP RESPONSE 200 {"content-type":"application/json; charset=UTF-8","vary":"X-Origin, Referer, Origin,Accept-Encoding","date":"Fri, 07 Aug 2020 13:17:42 GMT","server":"ESF","cache-control":"private","x-xss-protection":"0","x-frame-options":"SAMEORIGIN","x-content-type-options":"nosniff","server-timing":"gfet4t7; dur=734","alt-svc":"h3-29=\":443\"; ma=2592000,h3-27=\":443\"; ma=2592000,h3-T050=\":443\"; ma=2592000,h3-Q050=\":443\"; ma=2592000,h3-Q046=\":443\"; ma=2592000,h3-Q043=\":443\"; ma=2592000,quic=\":443\"; ma=2592000; v=\"46,43\"","accept-ranges":"none","transfer-encoding":"chunked"}
[debug] [2020-08-07T13:17:42.858Z] >>> HTTP REQUEST GET https://firebase.googleapis.com/v1beta1/projects/traningsapp-b35dc  
 
[debug] [2020-08-07T13:17:43.106Z] <<< HTTP RESPONSE 200 {"content-type":"application/json; charset=UTF-8","vary":"X-Origin, Referer, Origin,Accept-Encoding","date":"Fri, 07 Aug 2020 13:17:43 GMT","server":"ESF","cache-control":"private","x-xss-protection":"0","x-frame-options":"SAMEORIGIN","x-content-type-options":"nosniff","alt-svc":"h3-29=\":443\"; ma=2592000,h3-27=\":443\"; ma=2592000,h3-T050=\":443\"; ma=2592000,h3-Q050=\":443\"; ma=2592000,h3-Q046=\":443\"; ma=2592000,h3-Q043=\":443\"; ma=2592000,quic=\":443\"; ma=2592000; v=\"46,43\"","accept-ranges":"none","transfer-encoding":"chunked"}
[info] 
[info] === Deploying to 'traningsapp-b35dc'...
[info] 
[info] i  deploying hosting 
[info] 
[info] ✔  Deploy complete! 
[info] 
[info] Project Console: https://console.firebase.google.com/project/traningsapp-b35dc/overview
[debug] [2020-08-07T13:17:43.192Z] TypeError: Cannot read property 'deploys' of undefined
    at /usr/local/lib/node_modules/firebase-tools/lib/deploy/index.js:84:36
    at processTicksAndRejections (internal/process/task_queues.js:97:5)
[error] 
[error] Error: An unexpected error has occurred.
